Block(0,1) Thread(0,0)
Block(0,1) Thread(1,0)
Block(0,1) Thread(0,1)
Block(0,1) Thread(1,1)
Block(0,1) Thread(0,2)
Block(0,1) Thread(1,2)
Block(1,0) Thread(0,0)
Block(1,0) Thread(1,0)
Block(1,0) Thread(0,1)
Block(1,0) Thread(1,1)
Block(1,0) Thread(0,2)
Block(1,0) Thread(1,2)
Block(1,1) Thread(0,0)
Block(1,1) Thread(1,0)
Block(1,1) Thread(0,1)
Block(1,1) Thread(1,1)
Block(1,1) Thread(0,2)
Block(1,1) Thread(1,2)
Block(0,0) Thread(0,0)
Block(0,0) Thread(1,0)
Block(0,0) Thread(0,1)
Block(0,0) Thread(1,1)
Block(0,0) Thread(0,2)
Block(0,0) Thread(1,2)
