Produced: 0
Produced: 1
Produced: 2
Produced: 3
Produced: 4
Produced: 5
Produced: 6
Produced: 7
Produced: 8
Produced: 9
Consumed: 0
Consumed: 1
Consumed: 2
Consumed: 3
Consumed: 4
Consumed: 5
Consumed: 6
Consumed: 7
Consumed: 8
Consumed: 9
Produced: 10
Produced: 11
Produced: 12
Produced: 13
Produced: 14
Produced: 15
Produced: 16
Produced: 17
Produced: 18
Produced: 19
Consumed: 10
Consumed: 11
Consumed: 12
Consumed: 13
Consumed: 14
Consumed: 15
Consumed: 16
Consumed: 17
Consumed: 18
Consumed: 19
Produced: 20
Produced: 21
Produced: 22
Produced: 23
Produced: 24
Produced: 25
Produced: 26
Produced: 27
Produced: 28
Produced: 29
Consumed: 20
Consumed: 21
Consumed: 22
Consumed: 23
Consumed: 24
Consumed: 25
Consumed: 26
Consumed: 27
Consumed: 28
Consumed: 29
Produced: 30
Produced: 31
Produced: 32
Produced: 33
Produced: 34
Produced: 35
Produced: 36
Produced: 37
Produced: 38
Produced: 39
Consumed: 30
Consumed: 31
Consumed: 32
Consumed: 33
Consumed: 34
Consumed: 35
Consumed: 36
Consumed: 37
Consumed: 38
Consumed: 39
Produced: 40
Produced: 41
Produced: 42
Produced: 43
Produced: 44
Produced: 45
Produced: 46
Produced: 47
Produced: 48
Produced: 49
Consumed: 40
Consumed: 41
Consumed: 42
Consumed: 43
Consumed: 44
Consumed: 45
Consumed: 46
Consumed: 47
Consumed: 48
Consumed: 49
Produced: 50
Produced: 51
Produced: 52
Produced: 53
Produced: 54
Produced: 55
Produced: 56
Produced: 57
Produced: 58
Produced: 59
Consumed: 50
Consumed: 51
Consumed: 52
Consumed: 53
Consumed: 54
Consumed: 55
Consumed: 56
Consumed: 57
Consumed: 58
Consumed: 59
Produced: 60
Produced: 61
Produced: 62
Produced: 63
Produced: 64
Produced: 65
Produced: 66
Produced: 67
Produced: 68
Produced: 69
Consumed: 60
Consumed: 61
Consumed: 62
Consumed: 63
Consumed: 64
Consumed: 65
Consumed: 66
Consumed: 67
Consumed: 68
Consumed: 69
Produced: 70
Produced: 71
Produced: 72
Produced: 73
Produced: 74
Produced: 75
Produced: 76
Produced: 77
Produced: 78
Produced: 79
Consumed: 70
Consumed: 71
Consumed: 72
Consumed: 73
Consumed: 74
Consumed: 75
Consumed: 76
Consumed: 77
Consumed: 78
Consumed: 79
Produced: 80
Produced: 81
Produced: 82
Produced: 83
Produced: 84
Produced: 85
Produced: 86
Produced: 87
Produced: 88
Produced: 89
Consumed: 80
Consumed: 81
Consumed: 82
Consumed: 83
Consumed: 84
Consumed: 85
Consumed: 86
Consumed: 87
Consumed: 88
Consumed: 89
Produced: 90
Produced: 91
Produced: 92
Produced: 93
Produced: 94
Produced: 95
Produced: 96
Produced: 97
Produced: 98
Produced: 99
Consumed: 90
Consumed: 91
Consumed: 92
Consumed: 93
Consumed: 94
Consumed: 95
Consumed: 96
Consumed: 97
Consumed: 98
Consumed: 99
