parallel_matmul.cpp: In function ‘int main()’:
parallel_matmul.cpp:9:68: error: no matching function for call to ‘std::vector<std::vector<int> >::vector(const int&, std::vector<long long int>)’
     std::vector<std::vector<int>> C(N, std::vector<long long>(N, 0));
                                                                    ^
In file included from /usr/include/c++/7/vector:64:0,
                 from parallel_matmul.cpp:2:
/usr/include/c++/7/bits/stl_vector.h:411:2: note: candidate: template<class _InputIterator, class> std::vector<_Tp, _Alloc>::vector(_InputIterator, _InputIterator, const allocator_type&)
  vector(_InputIterator __first, _InputIterator __last,
  ^~~~~~
/usr/include/c++/7/bits/stl_vector.h:411:2: note:   template argument deduction/substitution failed:
parallel_matmul.cpp:9:68: note:   deduced conflicting types for parameter ‘_InputIterator’ (‘int’ and ‘std::vector<long long int>’)
     std::vector<std::vector<int>> C(N, std::vector<long long>(N, 0));
                                                                    ^
In file included from /usr/include/c++/7/vector:64:0,
                 from parallel_matmul.cpp:2:
/usr/include/c++/7/bits/stl_vector.h:383:7: note: candidate: std::vector<_Tp, _Alloc>::vector(std::initializer_list<_Tp>, const allocator_type&) [with _Tp = std::vector<int>; _Alloc = std::allocator<std::vector<int> >; std::vector<_Tp, _Alloc>::allocator_type = std::allocator<std::vector<int> >]
       vector(initializer_list<value_type> __l,
       ^~~~~~
/usr/include/c++/7/bits/stl_vector.h:383:7: note:   no known conversion for argument 1 from ‘const int’ to ‘std::initializer_list<std::vector<int> >’
/usr/include/c++/7/bits/stl_vector.h:358:7: note: candidate: std::vector<_Tp, _Alloc>::vector(std::vector<_Tp, _Alloc>&&, const allocator_type&) [with _Tp = std::vector<int>; _Alloc = std::allocator<std::vector<int> >; std::vector<_Tp, _Alloc>::allocator_type = std::allocator<std::vector<int> >]
       vector(vector&& __rv, const allocator_type& __m)
       ^~~~~~
/usr/include/c++/7/bits/stl_vector.h:358:7: note:   no known conversion for argument 1 from ‘const int’ to ‘std::vector<std::vector<int> >&&’
/usr/include/c++/7/bits/stl_vector.h:348:7: note: candidate: std::vector<_Tp, _Alloc>::vector(const std::vector<_Tp, _Alloc>&, const allocator_type&) [with _Tp = std::vector<int>; _Alloc = std::allocator<std::vector<int> >; std::vector<_Tp, _Alloc>::allocator_type = std::allocator<std::vector<int> >]
       vector(const vector& __x, const allocator_type& __a)
       ^~~~~~
/usr/include/c++/7/bits/stl_vector.h:348:7: note:   no known conversion for argument 1 from ‘const int’ to ‘const std::vector<std::vector<int> >&’
/usr/include/c++/7/bits/stl_vector.h:344:7: note: candidate: std::vector<_Tp, _Alloc>::vector(std::vector<_Tp, _Alloc>&&) [with _Tp = std::vector<int>; _Alloc = std::allocator<std::vector<int> >]
       vector(vector&& __x) noexcept
       ^~~~~~
/usr/include/c++/7/bits/stl_vector.h:344:7: note:   candidate expects 1 argument, 2 provided
/usr/include/c++/7/bits/stl_vector.h:326:7: note: candidate: std::vector<_Tp, _Alloc>::vector(const std::vector<_Tp, _Alloc>&) [with _Tp = std::vector<int>; _Alloc = std::allocator<std::vector<int> >]
       vector(const vector& __x)
       ^~~~~~
/usr/include/c++/7/bits/stl_vector.h:326:7: note:   candidate expects 1 argument, 2 provided
/usr/include/c++/7/bits/stl_vector.h:295:7: note: candidate: std::vector<_Tp, _Alloc>::vector(std::vector<_Tp, _Alloc>::size_type, const value_type&, const allocator_type&) [with _Tp = std::vector<int>; _Alloc = std::allocator<std::vector<int> >; std::vector<_Tp, _Alloc>::size_type = long unsigned int; std::vector<_Tp, _Alloc>::value_type = std::vector<int>; std::vector<_Tp, _Alloc>::allocator_type = std::allocator<std::vector<int> >]
       vector(size_type __n, const value_type& __value,
       ^~~~~~
/usr/include/c++/7/bits/stl_vector.h:295:7: note:   no known conversion for argument 2 from ‘std::vector<long long int>’ to ‘const value_type& {aka const std::vector<int>&}’
/usr/include/c++/7/bits/stl_vector.h:283:7: note: candidate: std::vector<_Tp, _Alloc>::vector(std::vector<_Tp, _Alloc>::size_type, const allocator_type&) [with _Tp = std::vector<int>; _Alloc = std::allocator<std::vector<int> >; std::vector<_Tp, _Alloc>::size_type = long unsigned int; std::vector<_Tp, _Alloc>::allocator_type = std::allocator<std::vector<int> >]
       vector(size_type __n, const allocator_type& __a = allocator_type())
       ^~~~~~
/usr/include/c++/7/bits/stl_vector.h:283:7: note:   no known conversion for argument 2 from ‘std::vector<long long int>’ to ‘const allocator_type& {aka const std::allocator<std::vector<int> >&}’
/usr/include/c++/7/bits/stl_vector.h:270:7: note: candidate: std::vector<_Tp, _Alloc>::vector(const allocator_type&) [with _Tp = std::vector<int>; _Alloc = std::allocator<std::vector<int> >; std::vector<_Tp, _Alloc>::allocator_type = std::allocator<std::vector<int> >]
       vector(const allocator_type& __a) _GLIBCXX_NOEXCEPT
       ^~~~~~
/usr/include/c++/7/bits/stl_vector.h:270:7: note:   candidate expects 1 argument, 2 provided
/usr/include/c++/7/bits/stl_vector.h:259:7: note: candidate: std::vector<_Tp, _Alloc>::vector() [with _Tp = std::vector<int>; _Alloc = std::allocator<std::vector<int> >]
       vector()
       ^~~~~~
/usr/include/c++/7/bits/stl_vector.h:259:7: note:   candidate expects 0 arguments, 2 provided
/var/spool/slurmd/job2178455/slurm_script:10: no such file or directory: ./parallel_matmul
