Lmod Warning: This module was built for an older platform and may not work
correctly! 
While processing the following module(s):
    Module fullname  Module Filename
    ---------------  ---------------
    gcc/13.2.0       /opt/apps/lmod/modulefiles/gcc/13.2.0.lua

Lmod Warning: Please use a newer version of this module for compatibility with
Euler Generation 8. 
While processing the following module(s):
    Module fullname  Module Filename
    ---------------  ---------------
    gcc/13.2.0       /opt/apps/lmod/modulefiles/gcc/13.2.0.lua

Launching 256 threads...
Thread 0 running on CPU core
Thread 1 running on CPU core
Thread 3 running on CPU core
Thread 2 running on CPU core
Thread 4 running on CPU core
Thread 5 running on CPU core
Thread 6 running on CPU core
Thread 7 running on CPU core
Thread 9 running on CPU core
Thread 8 running on CPU core
Thread 10 running on CPU core
Thread 11 running on CPU core
Thread 12 running on CPU core
Thread 13 running on CPU core
Thread 14 running on CPU core
Thread 15 running on CPU core
Thread 18 running on CPU core
Thread 16 running on CPU core
Thread 17 running on CPU core
Thread 19 running on CPU core
Thread 20 running on CPU core
Thread 21 running on CPU core
Thread 22 running on CPU core
Thread 23 running on CPU core
Thread 25 running on CPU core
Thread 24 running on CPU core
Thread 26 running on CPU core
Thread 27 running on CPU core
Thread 28 running on CPU core
Thread 29 running on CPU core
Thread 31 running on CPU core
Thread 30 running on CPU core
Thread 32 running on CPU core
Thread 33 running on CPU core
Thread 36 running on CPU core
Thread 34 running on CPU core
Thread 35 running on CPU core
Thread 37 running on CPU core
Thread 38 running on CPU core
Thread 39 running on CPU core
Thread 40 running on CPU core
Thread 41 running on CPU core
Thread 42 running on CPU core
Thread 43 running on CPU core
Thread 44 running on CPU core
Thread 45 running on CPU core
Thread 46 running on CPU core
Thread 47 running on CPU core
Thread 48 running on CPU core
Thread 49 running on CPU core
Thread 50 running on CPU core
Thread 51 running on CPU core
Thread 52 running on CPU core
Thread 53 running on CPU core
Thread 54 running on CPU core
Thread 55 running on CPU core
Thread 56 running on CPU core
Thread 57 running on CPU core
Thread 58 running on CPU core
Thread 59 running on CPU core
Thread 60 running on CPU core
Thread 61 running on CPU core
Thread 62 running on CPU core
Thread 63 running on CPU core
Thread 64 running on CPU core
Thread 65 running on CPU core
Thread 66 running on CPU core
Thread 67 running on CPU core
Thread 68 running on CPU core
Thread 69 running on CPU core
Thread 70 running on CPU core
Thread 71 running on CPU core
Thread 72 running on CPU core
Thread 73 running on CPU core
Thread 74 running on CPU core
Thread 75 running on CPU core
Thread 76 running on CPU core
Thread 77 running on CPU core
Thread 78 running on CPU core
Thread 79 running on CPU core
Thread 80 running on CPU core
Thread 81 running on CPU core
Thread 82 running on CPU core
Thread 83 running on CPU core
Thread 84 running on CPU core
Thread 85 running on CPU core
Thread 86 running on CPU core
Thread 87 running on CPU core
Thread 88 running on CPU core
Thread 89 running on CPU core
Thread 90 running on CPU core
Thread 91 running on CPU core
Thread 92 running on CPU core
Thread 93 running on CPU core
Thread 94 running on CPU core
Thread 95 running on CPU core
Thread 96 running on CPU core
Thread 97 running on CPU core
Thread 98 running on CPU core
Thread 99 running on CPU core
Thread 100 running on CPU core
Thread 101 running on CPU core
Thread 102 running on CPU core
Thread 103 running on CPU core
Thread 104 running on CPU core
Thread 105 running on CPU core
Thread 106 running on CPU core
Thread 107 running on CPU core
Thread 108 running on CPU core
Thread 109 running on CPU core
Thread 110 running on CPU core
Thread 111 running on CPU core
Thread 112 running on CPU core
Thread 113 running on CPU core
Thread 114 running on CPU core
Thread 115 running on CPU core
Thread 116 running on CPU core
Thread 117 running on CPU core
Thread 118 running on CPU core
Thread 119 running on CPU core
Thread 120 running on CPU core
Thread 121 running on CPU core
Thread 122 running on CPU core
Thread 123 running on CPU core
Thread 124 running on CPU core
Thread 125 running on CPU core
Thread 126 running on CPU core
Thread 127 running on CPU core
Thread 128 running on CPU core
Thread 129 running on CPU core
Thread 130 running on CPU core
Thread 131 running on CPU core
Thread 132 running on CPU core
Thread 133 running on CPU core
Thread 134 running on CPU core
Thread 136 running on CPU core
Thread 135 running on CPU core
Thread 137 running on CPU core
Thread 138 running on CPU core
Thread 139 running on CPU core
Thread 140 running on CPU core
Thread 141 running on CPU core
Thread 142 running on CPU core
Thread 143 running on CPU core
Thread 144 running on CPU core
Thread 145 running on CPU core
Thread 147 running on CPU core
Thread 146 running on CPU core
Thread 148 running on CPU core
Thread 149 running on CPU core
Thread 150 running on CPU core
Thread 151 running on CPU core
Thread 152 running on CPU core
Thread 153 running on CPU core
Thread 154 running on CPU core
Thread 155 running on CPU core
Thread 156 running on CPU core
Thread 157 running on CPU core
Thread 158 running on CPU core
Thread 159 running on CPU core
Thread 160 running on CPU core
Thread 161 running on CPU core
Thread 162 running on CPU core
Thread 163 running on CPU core
Thread 164 running on CPU core
Thread 165 running on CPU core
Thread 166 running on CPU core
Thread 167 running on CPU core
Thread 168 running on CPU core
Thread 169 running on CPU core
Thread 170 running on CPU core
Thread 171 running on CPU core
Thread 172 running on CPU core
Thread 173 running on CPU core
Thread 174 running on CPU core
Thread 175 running on CPU core
Thread 176 running on CPU core
Thread 177 running on CPU core
Thread 178 running on CPU core
Thread 179 running on CPU core
Thread 180 running on CPU core
Thread 181 running on CPU core
Thread 182 running on CPU core
Thread 183 running on CPU core
Thread 184 running on CPU core
Thread 185 running on CPU core
Thread 186 running on CPU core
Thread 187 running on CPU core
Thread 188 running on CPU core
Thread 189 running on CPU core
Thread 190 running on CPU core
Thread 191 running on CPU core
Thread 192 running on CPU core
Thread 193 running on CPU core
Thread 194 running on CPU core
Thread 195 running on CPU core
Thread 196 running on CPU core
Thread 197 running on CPU core
Thread 198 running on CPU core
Thread 199 running on CPU core
Thread 200 running on CPU core
Thread 201 running on CPU core
Thread 202 running on CPU core
Thread 203 running on CPU core
Thread 204 running on CPU core
Thread 205 running on CPU core
Thread 206 running on CPU core
Thread 207 running on CPU core
Thread 208 running on CPU core
Thread 209 running on CPU core
Thread 210 running on CPU core
Thread 211 running on CPU core
Thread 212 running on CPU core
Thread 213 running on CPU core
Thread 214 running on CPU core
Thread 215 running on CPU core
Thread 216 running on CPU core
Thread 217 running on CPU core
Thread 218 running on CPU core
Thread 219 running on CPU core
Thread 220 running on CPU core
Thread 221 running on CPU core
Thread 222 running on CPU core
Thread 223 running on CPU core
Thread 224 running on CPU core
Thread 225 running on CPU core
Thread 226 running on CPU core
Thread 227 running on CPU core
Thread 229 running on CPU core
Thread 228 running on CPU core
Thread 230 running on CPU core
Thread 232 running on CPU core
Thread 233 running on CPU core
Thread 234 running on CPU core
Thread 235 running on CPU core
Thread 236 running on CPU core
Thread 237 running on CPU core
Thread 238 running on CPU core
Thread 231 running on CPU core
Thread 239 running on CPU core
Thread 240 running on CPU core
Thread 241 running on CPU core
Thread 242 running on CPU core
Thread 243 running on CPU core
Thread 244 running on CPU core
Thread 245 running on CPU core
Thread 246 running on CPU core
Thread 247 running on CPU core
Thread 248 running on CPU core
Thread 249 running on CPU core
Thread 250 running on CPU core
Thread 251 running on CPU core
Thread 252 running on CPU core
Thread 253 running on CPU core
Thread 254 running on CPU core
Thread 255 running on CPU core
